<?xml version="1.0" encoding="UTF-8"?>
<!-- Generated by org.testng.reporters.JUnitReportReporter -->
<testsuite hostname="DESKTOP-ILARKNK" failures="0" tests="2" name="testcases.LoginTest" time="49.050" errors="0" timestamp="20 Sep 2024 03:52:05 GMT" skipped="0">
  <testcase classname="testcases.LoginTest" name="LoginFailiureTest" time="27.924"/>
  <testcase classname="testcases.LoginTest" name="LoginSuccessTest" time="21.126"/>
</testsuite> <!-- testcases.LoginTest -->
