<?xml version="1.0" encoding="UTF-8"?>
<!-- Generated by org.testng.reporters.JUnitReportReporter -->
<testsuite hostname="DESKTOP-ILARKNK" failures="0" tests="2" name="testcases.LoginTest" time="43.800" errors="0" timestamp="20 Sep 2024 05:03:54 GMT" skipped="0">
  <testcase classname="testcases.LoginTest" name="LoginSuccessTest" time="19.766"/>
  <testcase classname="testcases.LoginTest" name="LoginFailiureTest" time="24.034"/>
</testsuite> <!-- testcases.LoginTest -->
